<?xml version="1.0" encoding="UTF-8"?>
<!-- Generated by org.testng.reporters.JUnitReportReporter -->
<testsuite hostname="DESKTOP-00JCRSR" failures="0" tests="2" name="testcases.Country_Selection" time="31.739" errors="0" timestamp="2024-02-09T17:23:20 IST" skipped="0">
  <testcase classname="testcases.Country_Selection" name="select_canada" time="8.326"/>
  <testcase classname="testcases.Country_Selection" name="select_US" time="23.413"/>
</testsuite> <!-- testcases.Country_Selection -->
