<?xml version="1.0" encoding="UTF-8"?>
<!-- Generated by org.testng.reporters.JUnitReportReporter -->
<testsuite hostname="DESKTOP-00JCRSR" failures="0" tests="5" name="testcases.Create_Account_Test" time="429.332" errors="0" timestamp="2024-02-09T20:54:20 IST" skipped="0">
  <testcase classname="testcases.Create_Account_Test" name="createaccounttest" time="81.456"/>
  <testcase classname="testcases.Create_Account_Test" name="createaccounttest" time="93.119"/>
  <testcase classname="testcases.Create_Account_Test" name="createaccounttest" time="81.345"/>
  <testcase classname="testcases.Create_Account_Test" name="createaccounttest" time="76.482"/>
  <testcase classname="testcases.Create_Account_Test" name="createaccounttest" time="96.930"/>
</testsuite> <!-- testcases.Create_Account_Test -->
