<?xml version="1.0" encoding="UTF-8"?>
<!-- Generated by org.testng.reporters.JUnitReportReporter -->
<testsuite hostname="DESKTOP-00JCRSR" failures="0" tests="1" name="testcases.Validateurl" time="11.231" errors="0" timestamp="2024-01-10T20:33:49 IST" skipped="0">
  <testcase classname="testcases.Validateurl" name="validate_url" time="11.231"/>
</testsuite> <!-- testcases.Validateurl -->
