<?xml version="1.0" encoding="UTF-8"?>
<!-- Generated by org.testng.reporters.JUnitReportReporter -->
<testsuite hostname="DESKTOP-00JCRSR" failures="0" tests="1" name="testcases.Shopby_department_test" time="225.427" errors="0" timestamp="2024-02-09T17:21:45 IST" skipped="0">
  <testcase classname="testcases.Shopby_department_test" name="shopbydepartment" time="225.427"/>
</testsuite> <!-- testcases.Shopby_department_test -->
