<?xml version="1.0" encoding="UTF-8"?>
<!-- Generated by org.testng.reporters.JUnitReportReporter -->
<testsuite hostname="DESKTOP-00JCRSR" failures="0" tests="1" name="testcases.Menuvalidation_Test" time="126.167" errors="0" timestamp="2024-02-09T23:49:22 IST" skipped="0">
  <testcase classname="testcases.Menuvalidation_Test" name="homepagemenus" time="126.167"/>
</testsuite> <!-- testcases.Menuvalidation_Test -->
