<?xml version="1.0" encoding="UTF-8"?>
<!-- Generated by org.testng.reporters.JUnitReportReporter -->
<testsuite hostname="DESKTOP-00JCRSR" failures="0" tests="1" name="testcases.Validate_footerlinks_test" time="31.273" errors="0" timestamp="2024-02-09T20:59:53 IST" skipped="0">
  <testcase classname="testcases.Validate_footerlinks_test" name="validatefooterlinks" time="31.273"/>
</testsuite> <!-- testcases.Validate_footerlinks_test -->
