<?xml version="1.0" encoding="UTF-8"?>
<!-- Generated by org.testng.reporters.JUnitReportReporter -->
<testsuite hostname="DESKTOP-00JCRSR" failures="0" tests="1" name="testcases.Shopby_Brand_Test" time="137.826" errors="0" timestamp="2024-02-09T17:51:22 IST" skipped="0">
  <testcase classname="testcases.Shopby_Brand_Test" name="shop_by_brand" time="137.826"/>
</testsuite> <!-- testcases.Shopby_Brand_Test -->
