<?xml version="1.0" encoding="UTF-8"?>
<!-- Generated by org.testng.reporters.JUnitReportReporter -->
<testsuite hostname="DESKTOP-00JCRSR" failures="0" tests="1" name="testcases.Validateurl_Test" time="36.962" errors="0" timestamp="2024-02-09T21:01:02 IST" skipped="0">
  <testcase classname="testcases.Validateurl_Test" name="validateurl" time="36.962"/>
</testsuite> <!-- testcases.Validateurl_Test -->
